<?xml version="1.0" encoding="UTF-8"?>
<testng-results ignored="0" total="2" passed="2" failed="0" skipped="0">
  <reporter-output>
  </reporter-output>
  <suite started-at="2023-02-24T19:46:10 IST" name="Default suite" finished-at="2023-02-24T19:47:31 IST" duration-ms="80849">
    <groups>
    </groups>
    <test started-at="2023-02-24T19:46:10 IST" name="Default test" finished-at="2023-02-24T19:47:31 IST" duration-ms="80849">
      <class name="Scripting.Test1">
        <test-method signature="tc1()[pri:0, instance:Scripting.Test1@3059cbc]" started-at="2023-02-24T19:46:10 IST" name="tc1" finished-at="2023-02-24T19:47:30 IST" duration-ms="79831" status="PASS">
          <reporter-output>
          </reporter-output>
        </test-method> <!-- tc1 -->
        <test-method signature="tc2()[pri:0, instance:Scripting.Test1@3059cbc]" started-at="2023-02-24T19:47:30 IST" name="tc2" finished-at="2023-02-24T19:47:31 IST" duration-ms="989" status="PASS">
          <reporter-output>
          </reporter-output>
        </test-method> <!-- tc2 -->
      </class> <!-- Scripting.Test1 -->
    </test> <!-- Default test -->
  </suite> <!-- Default suite -->
</testng-results>
